


ARM Macro Assembler    Page 1 


    1 00000000                 AREA             |.text|, CODE, READONLY
    2 00000000         
    3 00000000         nzer_asm
                               PROC                         ; –ù–∞—á–∞–ª–æ —Ñ—É
                                                            –Ω–∫—Ü–∏–∏ array_su
                                                            m_asm
    4 00000000                 EXPORT           nzer_asm
    5 00000000 F04F 0400       MOV              R4, #0      ; –û–±–Ω—É–ª–µ–Ω–∏–
                                                            µ –∏–Ω–¥–µ–∫—Å–∞ —ç
                                                            –ª–µ–º–µ–Ω—Ç–∞
    6 00000004 F04F 0500       MOV              R5, #0      ; –†–µ–≥–∏—Å—Ç—Ä –¥
                                                            –ª—è –∑–∞–ø–∏—Å–∏ —
                                                            Ä–µ–∑—É–ª—å—Ç–∞—Ç–∞
                                                            
    7 00000008         nzer_Lab
    8 00000008 428C            CMP              R4, R1      ; –ü—Ä–æ–≤–µ—Ä–∫–∞ 
                                                            –Ω–∞ –≤—ã—Ö–æ–¥ –∑–
                                                            ∞ –ø—Ä–µ–¥–µ–ª—ã –º
                                                            –∞—Å—Å–∏–≤–∞
    9 0000000A BF08 4770       BXEQ             LR          ; –í–æ–∑–≤—Ä–∞—Ç –∏
                                                            –∑ –ø–æ–¥–ø—Ä–æ–≥—Ä
                                                            –∞–º–º—ã
   10 0000000E         
   11 0000000E 5D06            LDRB             R6, [R0, R4] ; –ó–∞–ø–∏—Å—å —ç–
                                                            ª–µ–º–µ–Ω—Ç–∞ –≤ —Ä
                                                            –µ–≥–∏—Å—Ç—Ä
   12 00000010         
   13 00000010 443C            ADD              R4, R7      ; –£–≤–µ–ª–∏—á–µ–Ω–
                                                            ∏–µ –∏–Ω–¥–µ–∫—Å–∞
   14 00000012         
   15 00000012 2E00            CMP              R6, #0      ; –°—Ä–∞–≤–Ω–µ–Ω–∏–
                                                            µ —Å 0
   16 00000014 BF08 3501       ADDEQ            R5, #1      ; –°—á—ë—Ç –Ω—É–ª–µ
                                                            –π
   17 00000018         
   18 00000018 E7F6            B                nzer_Lab    ; –ü–µ—Ä–µ—Ö–æ–¥ –∫
                                                             —Å–ª–µ–¥—É—é—â–µ–º
                                                            —É —ç–ª–µ–º–µ–Ω—Ç—É
                                                            
   19 0000001A         
   20 0000001A                 ENDP
   21 0000001A         
   22 0000001A         sneg_asm
                               PROC                         ; –ù–∞—á–∞–ª–æ —Ñ—É
                                                            –Ω–∫—Ü–∏–∏ array_su
                                                            m_asm
   23 0000001A                 EXPORT           sneg_asm
   24 0000001A F04F 0400       MOV              R4, #0      ; –û–±–Ω—É–ª–µ–Ω–∏–
                                                            µ –∏–Ω–¥–µ–∫—Å–∞ —ç
                                                            –ª–µ–º–µ–Ω—Ç–∞
   25 0000001E F04F 0500       MOV              R5, #0      ; –†–µ–≥–∏—Å—Ç—Ä –¥
                                                            –ª—è –∑–∞–ø–∏—Å–∏ —
                                                            Ä–µ–∑—É–ª—å—Ç–∞—Ç–∞
                                                            
   26 00000022         sneg_Lab
   27 00000022 428C            CMP              R4, R1      ; –ü—Ä–æ–≤–µ—Ä–∫–∞ 
                                                            –Ω–∞ –≤—ã—Ö–æ–¥ –∑–
                                                            ∞ –ø—Ä–µ–¥–µ–ª—ã –º
                                                            –∞—Å—Å–∏–≤–∞



ARM Macro Assembler    Page 2 


   28 00000024 BF08 4770       BXEQ             LR          ; –í–æ–∑–≤—Ä–∞—Ç –∏
                                                            –∑ –ø–æ–¥–ø—Ä–æ–≥—Ä
                                                            –∞–º–º—ã
   29 00000028         
   30 00000028 5D06            LDRB             R6, [R0, R4] ; –ó–∞–ø–∏—Å—å —ç–
                                                            ª–µ–º–µ–Ω—Ç–∞ –≤ —Ä
                                                            –µ–≥–∏—Å—Ç—Ä
   31 0000002A         
   32 0000002A 443C            ADD              R4, R7      ; –£–≤–µ–ª–∏—á–µ–Ω–
                                                            ∏–µ –∏–Ω–¥–µ–∫—Å–∞
   33 0000002C         
   34 0000002C B276            SXTB             R6,R6       ; –ó–∞–ø–æ–ª–Ω–µ–Ω–
                                                            ∏–µ –∑–Ω–∞–∫–∞
   35 0000002E 2E00            CMP              R6, #0      ; –û–ø—Ä–µ–¥–µ–ª–µ–
                                                            Ω–∏–µ –∑–Ω–∞–∫–∞
   36 00000030 BFB8 4435       ADDLT            R5, R6      ; –°–ª–æ–∂–µ–Ω–∏–µ 
                                                            –æ—Ç—Ä–∏—Ü–∞—Ç–µ–ª—
                                                            å–Ω—ã—Ö
   37 00000034         
   38 00000034 E7F5            B                sneg_Lab    ; –ü–µ—Ä–µ—Ö–æ–¥ –∫
                                                             —Å–ª–µ–¥—É—é—â–µ–º
                                                            —É —ç–ª–µ–º–µ–Ω—Ç—É
                                                            
   39 00000036         
   40 00000036                 ENDP
   41 00000036         
   42 00000036         mpos_asm
                               PROC                         ; –ù–∞—á–∞–ª–æ —Ñ—É
                                                            –Ω–∫—Ü–∏–∏ array_su
                                                            m_asm
   43 00000036                 EXPORT           mpos_asm
   44 00000036 F04F 0400       MOV              R4, #0      ; –û–±–Ω—É–ª–µ–Ω–∏–
                                                            µ –∏–Ω–¥–µ–∫—Å–∞ —ç
                                                            –ª–µ–º–µ–Ω—Ç–∞
   45 0000003A F04F 0501       MOV              R5, #1      ; –†–µ–≥–∏—Å—Ç—Ä –¥
                                                            –ª—è –∑–∞–ø–∏—Å–∏ —
                                                            Ä–µ–∑—É–ª—å—Ç–∞—Ç–∞
                                                            
   46 0000003E         mpos_Lab
   47 0000003E 428C            CMP              R4, R1      ; –ü—Ä–æ–≤–µ—Ä–∫–∞ 
                                                            –Ω–∞ –≤—ã—Ö–æ–¥ –∑–
                                                            ∞ –ø—Ä–µ–¥–µ–ª—ã –º
                                                            –∞—Å—Å–∏–≤–∞
   48 00000040 BF08 4770       BXEQ             LR          ; ÔøΩ'–æ–∑–≤—Ä–∞—Ç 
                                                            –∏–∑ –ø–æ–¥–ø—Ä–æ–≥
                                                            —Ä–∞–º–º—ã
   49 00000044         
   50 00000044 5D06            LDRB             R6, [R0, R4] ; ÔøΩ-–∞–ø–∏—Å—å —
                                                            ç–ª–µ–º–µ–Ω—Ç–∞ –≤ 
                                                            —Ä–µ–≥–∏—Å—Ç—Ä
   51 00000046         
   52 00000046 443C            ADD              R4, R7      ; –£–≤–µ–ª–∏—á–µ–Ω–
                                                            ∏–µ –∏–Ω–¥–µ–∫—Å–∞
   53 00000048         
   54 00000048 B276            SXTB             R6,R6       ; ÔøΩ-–∞–ø–æ–ª–Ω–µ–
                                                            Ω–∏–µ –∑–Ω–∞–∫–∞
   55 0000004A 2E00            CMP              R6, #0      ; –û–ø—Ä–µ–¥–µ–ª–µ–
                                                            Ω–∏–µ –∑–Ω–∞–∫–∞
   56 0000004C BFC8 FB05 



ARM Macro Assembler    Page 3 


              F506             MULGT            R5, R6      ; –ü–µ—Ä–µ–º–Ω–æ–∂–
                                                            µ–Ω–∏–µ –ø–æ–ª–æ–∂–
                                                            ∏—Ç–µ–ª—å–Ω—ã—Ö
   57 00000052         
   58 00000052 E7F4            B                mpos_Lab    ; –ü–µ—Ä–µ—Ö–æ–¥ –∫
                                                             —Å–ª–µ–¥—É—é—â–µ–º
                                                            —É —ç–ª–µ–º–µ–Ω—Ç—É
                                                            
   59 00000054         
   60 00000054                 ENDP
   61 00000054         
   62 00000054         array_calc_asm
                               PROC                         ; –ù–∞—á–∞–ª–æ —Ñ—É
                                                            –Ω–∫—Ü–∏–∏ array_tr
                                                            eatment_asm
   63 00000054                 EXPORT           array_calc_asm
   64 00000054         
   65 00000054 F04F 0704       MOV              R7, #4
   66 00000058 FB01 F107       MUL              R1, R7
   67 0000005C         
   68 0000005C B500            PUSH             {LR}
   69 0000005E         
   70 0000005E F7FF FFFE       BL               nzer_asm    ; –ö–æ–ª-–≤–æ  –Ω—É
                                                            –ª–µ–π
   71 00000062 6015            STR              R5, [R2, #0] ; –ó–∞–ø–∏—Å—å —Ä–
                                                            µ–∑—É–ª—å—Ç–∞—Ç–∞ –
                                                            ≤ –ø–µ—Ä–µ–º–µ–Ω–Ω—
                                                            É—é
   72 00000064         
   73 00000064 F7FF FFFE       BL               sneg_asm    ; –°—É–º–º–∞ –æ—Ç—Ä
                                                            –∏—Ü–∞—Ç–µ–ª—å–Ω—ã—
                                                            Ö
   74 00000068 6055            STR              R5, [R2, #4] ; –ó–∞–ø–∏—Å—å —Ä–
                                                            µ–∑—É–ª—å—Ç–∞—Ç–∞ –
                                                            ≤ –ø–µ—Ä–µ–º–µ–Ω–Ω—
                                                            É—é
   75 0000006A         
   76 0000006A F7FF FFFE       BL               mpos_asm    ; –ü—Ä–æ–∏–∑–≤–µ–¥–
                                                            µ–Ω–∏–µ –ø–æ–ª–æ–∂–
                                                            ∏—Ç–µ–ª—å–Ω—ã—Ö
   77 0000006E 6095            STR              R5, [R2, #8] ; –ó–∞–ø–∏—Å—å —Ä–
                                                            µ–∑—É–ª—å—Ç–∞—Ç–∞ –
                                                            ≤ –ø–µ—Ä–µ–º–µ–Ω–Ω—
                                                            É—é
   78 00000070         
   79 00000070 F85D EB04       POP              {LR}
   80 00000074 4770            BX               LR
   81 00000076         
   82 00000076                 ENDP
   83 00000076         
   84 00000076                 END                          ; –ö–æ–Ω–µ—Ü —Ñ–∞–π
                                                            –ª–∞
Command Line: --debug --xref --diag_suppress=9931 --cpu=Cortex-M3 --apcs=interw
ork --depend=.\objects\main_1.d -o.\objects\main_1.o -IC:\Users\Karina\AppData\
Local\Arm\Packs\Keil\STM32F1xx_DFP\2.4.0\Device\Include --predefine="__EVAL SET
A 1" --predefine="__UVISION_VERSION SETA 536" --predefine="STM32F10X_MD SETA 1"
 --list=.\listings\main_1.lst main_1.s



ARM Macro Assembler    Page 1 Alphabetic symbol ordering
Relocatable symbols

.text 00000000

Symbol: .text
   Definitions
      At line 1 in file main_1.s
   Uses
      None
Comment: .text unused
array_calc_asm 00000054

Symbol: array_calc_asm
   Definitions
      At line 62 in file main_1.s
   Uses
      At line 63 in file main_1.s
Comment: array_calc_asm used once
mpos_Lab 0000003E

Symbol: mpos_Lab
   Definitions
      At line 46 in file main_1.s
   Uses
      At line 58 in file main_1.s
Comment: mpos_Lab used once
mpos_asm 00000036

Symbol: mpos_asm
   Definitions
      At line 42 in file main_1.s
   Uses
      At line 43 in file main_1.s
      At line 76 in file main_1.s

nzer_Lab 00000008

Symbol: nzer_Lab
   Definitions
      At line 7 in file main_1.s
   Uses
      At line 18 in file main_1.s
Comment: nzer_Lab used once
nzer_asm 00000000

Symbol: nzer_asm
   Definitions
      At line 3 in file main_1.s
   Uses
      At line 4 in file main_1.s
      At line 70 in file main_1.s

sneg_Lab 00000022

Symbol: sneg_Lab
   Definitions
      At line 26 in file main_1.s
   Uses
      At line 38 in file main_1.s
Comment: sneg_Lab used once
sneg_asm 0000001A



ARM Macro Assembler    Page 2 Alphabetic symbol ordering
Relocatable symbols


Symbol: sneg_asm
   Definitions
      At line 22 in file main_1.s
   Uses
      At line 23 in file main_1.s
      At line 73 in file main_1.s

8 symbols
341 symbols in table
